TN:
SF:C:\projectsportfolio\wayfarer\server\app.js
FN:18,(anonymous_1)
FN:21,(anonymous_2)
FN:24,(anonymous_3)
FNF:3
FNH:3
FNDA:1,(anonymous_1)
FNDA:1,(anonymous_2)
FNDA:1,(anonymous_3)
DA:1,1
DA:2,1
DA:3,1
DA:4,1
DA:5,1
DA:6,1
DA:8,1
DA:10,1
DA:11,1
DA:12,1
DA:14,1
DA:15,1
DA:16,1
DA:17,1
DA:18,1
DA:19,1
DA:21,1
DA:22,1
DA:24,1
DA:25,1
LF:20
LH:20
BRDA:12,0,0,1
BRDA:12,0,1,1
BRF:2
BRH:2
end_of_record
TN:
SF:C:\projectsportfolio\wayfarer\server\crud\db.js
FN:18,getUserEmail
FN:18,(anonymous_2)
FN:21,(anonymous_3)
FN:25,(anonymous_4)
FN:28,(anonymous_5)
FN:31,(anonymous_6)
FN:36,insertUsers
FN:37,(anonymous_8)
FN:40,(anonymous_9)
FN:44,(anonymous_10)
FN:47,(anonymous_11)
FN:50,(anonymous_12)
FN:55,createTrip
FN:55,(anonymous_14)
FN:58,(anonymous_15)
FN:64,(anonymous_16)
FN:67,(anonymous_17)
FN:70,(anonymous_18)
FN:75,clearTable
FN:75,(anonymous_20)
FN:78,(anonymous_21)
FN:81,(anonymous_22)
FN:85,(anonymous_23)
FN:86,(anonymous_24)
FNF:24
FNH:16
FNDA:19,getUserEmail
FNDA:19,(anonymous_2)
FNDA:19,(anonymous_3)
FNDA:19,(anonymous_4)
FNDA:0,(anonymous_5)
FNDA:0,(anonymous_6)
FNDA:3,insertUsers
FNDA:3,(anonymous_8)
FNDA:3,(anonymous_9)
FNDA:3,(anonymous_10)
FNDA:0,(anonymous_11)
FNDA:0,(anonymous_12)
FNDA:1,createTrip
FNDA:1,(anonymous_14)
FNDA:1,(anonymous_15)
FNDA:1,(anonymous_16)
FNDA:0,(anonymous_17)
FNDA:0,(anonymous_18)
FNDA:1,clearTable
FNDA:1,(anonymous_20)
FNDA:1,(anonymous_21)
FNDA:1,(anonymous_22)
FNDA:0,(anonymous_23)
FNDA:0,(anonymous_24)
DA:1,1
DA:2,1
DA:4,1
DA:5,1
DA:6,1
DA:7,1
DA:8,1
DA:9,0
DA:10,1
DA:11,1
DA:14,1
DA:15,1
DA:18,20
DA:19,19
DA:20,19
DA:22,19
DA:23,19
DA:24,19
DA:26,19
DA:27,19
DA:29,0
DA:32,0
DA:36,4
DA:38,3
DA:39,3
DA:41,3
DA:42,3
DA:43,3
DA:45,3
DA:46,3
DA:48,0
DA:51,0
DA:55,2
DA:56,1
DA:57,1
DA:59,1
DA:61,1
DA:63,1
DA:65,1
DA:66,1
DA:68,0
DA:71,0
DA:75,2
DA:76,1
DA:77,1
DA:79,1
DA:80,1
DA:82,1
DA:83,1
DA:85,0
DA:86,0
LF:51
LH:42
BRDA:8,0,0,0
BRDA:8,0,1,1
BRDA:10,1,0,1
BRDA:10,1,1,0
BRF:4
BRH:2
end_of_record
TN:
SF:C:\projectsportfolio\wayfarer\server\helpers\response.js
FN:1,sendResponse
FNF:1
FNH:1
FNDA:24,sendResponse
DA:1,1
DA:2,24
LF:2
LH:2
BRDA:4,0,0,24
BRDA:4,0,1,23
BRDA:5,1,0,24
BRDA:5,1,1,1
BRF:4
BRH:4
end_of_record
TN:
SF:C:\projectsportfolio\wayfarer\server\helpers\validators.js
FN:11,isPositiveInteger
FN:13,filterInput
FN:19,isDateFormat
FN:21,isTime
FN:23,atAdminMail
FN:31,trimAllSpace
FN:33,validateUserSignup
FN:59,(anonymous_8)
FN:63,(anonymous_9)
FN:64,(anonymous_10)
FN:67,(anonymous_11)
FN:69,(anonymous_12)
FN:74,(anonymous_13)
FN:77,(anonymous_14)
FN:82,(anonymous_15)
FN:84,(anonymous_16)
FN:89,(anonymous_17)
FN:92,(anonymous_18)
FN:99,(anonymous_19)
FN:108,validateUserSignIn
FN:116,(anonymous_21)
FN:117,(anonymous_22)
FN:131,(anonymous_23)
FN:140,createTripValidate
FN:174,verifyToken
FN:179,(anonymous_26)
FN:186,(anonymous_27)
FN:190,(anonymous_28)
FNF:28
FNH:22
FNDA:9,isPositiveInteger
FNDA:48,filterInput
FNDA:8,isDateFormat
FNDA:8,isTime
FNDA:3,atAdminMail
FNDA:73,trimAllSpace
FNDA:15,validateUserSignup
FNDA:4,(anonymous_8)
FNDA:3,(anonymous_9)
FNDA:3,(anonymous_10)
FNDA:1,(anonymous_11)
FNDA:1,(anonymous_12)
FNDA:0,(anonymous_13)
FNDA:0,(anonymous_14)
FNDA:2,(anonymous_15)
FNDA:2,(anonymous_16)
FNDA:0,(anonymous_17)
FNDA:0,(anonymous_18)
FNDA:0,(anonymous_19)
FNDA:11,validateUserSignIn
FNDA:7,(anonymous_21)
FNDA:6,(anonymous_22)
FNDA:1,(anonymous_23)
FNDA:6,createTripValidate
FNDA:4,verifyToken
FNDA:3,(anonymous_26)
FNDA:2,(anonymous_27)
FNDA:0,(anonymous_28)
DA:1,1
DA:2,1
DA:3,1
DA:4,1
DA:5,1
DA:6,1
DA:9,1
DA:11,10
DA:13,1
DA:14,48
DA:15,48
DA:16,48
DA:19,9
DA:21,9
DA:23,1
DA:24,3
DA:25,3
DA:26,2
DA:28,1
DA:31,74
DA:33,15
DA:39,15
DA:40,15
DA:42,2
DA:44,13
DA:45,13
DA:46,13
DA:47,13
DA:50,4
DA:55,4
DA:56,4
DA:57,4
DA:58,4
DA:60,4
DA:61,1
DA:63,3
DA:64,3
DA:65,3
DA:66,1
DA:68,1
DA:70,1
DA:71,1
DA:72,1
DA:73,1
DA:75,0
DA:78,0
DA:81,2
DA:83,2
DA:85,2
DA:86,2
DA:87,2
DA:88,2
DA:90,0
DA:93,0
DA:100,0
DA:103,9
DA:108,11
DA:109,11
DA:110,11
DA:111,1
DA:113,10
DA:114,10
DA:115,7
DA:117,7
DA:118,6
DA:119,1
DA:121,5
DA:122,5
DA:123,5
DA:124,5
DA:125,5
DA:126,5
DA:127,5
DA:128,5
DA:132,1
DA:135,3
DA:140,6
DA:143,6
DA:144,6
DA:147,1
DA:149,5
DA:150,5
DA:151,5
DA:152,5
DA:153,5
DA:154,5
DA:155,5
DA:158,4
DA:159,4
DA:160,4
DA:161,4
DA:162,4
DA:163,4
DA:164,4
DA:165,4
DA:166,4
DA:168,1
DA:174,1
DA:175,4
DA:176,4
DA:177,3
DA:178,3
DA:179,3
DA:180,3
DA:181,1
DA:183,2
DA:184,2
DA:185,2
DA:187,2
DA:188,2
DA:191,0
DA:196,1
LF:112
LH:106
BRDA:25,0,0,2
BRDA:25,0,1,1
BRDA:40,1,0,2
BRDA:40,1,1,13
BRDA:40,2,0,15
BRDA:40,2,1,15
BRDA:40,2,2,15
BRDA:40,2,3,15
BRDA:47,3,0,4
BRDA:47,3,1,9
BRDA:47,4,0,13
BRDA:47,4,1,12
BRDA:47,4,2,11
BRDA:47,4,3,9
BRDA:47,4,4,8
BRDA:47,4,5,7
BRDA:47,4,6,6
BRDA:60,5,0,1
BRDA:60,5,1,3
BRDA:65,6,0,1
BRDA:65,6,1,2
BRDA:110,7,0,1
BRDA:110,7,1,10
BRDA:110,8,0,11
BRDA:110,8,1,11
BRDA:114,9,0,7
BRDA:114,9,1,3
BRDA:114,10,0,10
BRDA:114,10,1,7
BRDA:114,10,2,7
BRDA:118,11,0,1
BRDA:118,11,1,5
BRDA:144,12,0,1
BRDA:144,12,1,5
BRDA:144,13,0,6
BRDA:144,13,1,6
BRDA:144,13,2,6
BRDA:144,13,3,5
BRDA:144,13,4,5
BRDA:144,13,5,5
BRDA:155,14,0,4
BRDA:155,14,1,1
BRDA:155,15,0,5
BRDA:155,15,1,5
BRDA:155,15,2,4
BRDA:155,15,3,4
BRDA:155,15,4,4
BRDA:155,15,5,4
BRDA:176,16,0,3
BRDA:176,16,1,1
BRDA:180,17,0,1
BRDA:180,17,1,2
BRF:52
BRH:52
end_of_record
TN:
SF:C:\projectsportfolio\wayfarer\server\routes\auth.js
FN:7,(anonymous_1)
FN:19,(anonymous_2)
FNF:2
FNH:2
FNDA:3,(anonymous_1)
FNDA:5,(anonymous_2)
DA:1,1
DA:2,1
DA:3,1
DA:5,1
DA:7,1
DA:8,3
DA:9,3
DA:19,1
DA:20,5
DA:21,5
DA:22,5
DA:23,5
LF:12
LH:12
BRF:0
BRH:0
end_of_record
TN:
SF:C:\projectsportfolio\wayfarer\server\routes\trips.js
FN:8,(anonymous_1)
FN:12,(anonymous_2)
FN:14,(anonymous_3)
FNF:3
FNH:2
FNDA:2,(anonymous_1)
FNDA:1,(anonymous_2)
FNDA:0,(anonymous_3)
DA:1,1
DA:2,1
DA:3,1
DA:4,1
DA:6,1
DA:8,2
DA:9,2
DA:10,2
DA:11,1
DA:13,1
DA:15,0
DA:18,1
LF:12
LH:11
BRDA:10,0,0,1
BRDA:10,0,1,1
BRF:2
BRH:2
end_of_record
