TN:
SF:C:\projectsportfolio\wayfarer\server\app.js
FN:16,(anonymous_1)
FN:19,(anonymous_2)
FN:22,(anonymous_3)
FNF:3
FNH:3
FNDA:1,(anonymous_1)
FNDA:1,(anonymous_2)
FNDA:1,(anonymous_3)
DA:1,1
DA:2,1
DA:3,1
DA:4,1
DA:5,1
DA:7,1
DA:9,1
DA:10,1
DA:11,1
DA:13,1
DA:14,1
DA:15,1
DA:16,1
DA:17,1
DA:19,1
DA:20,1
DA:22,1
DA:23,1
LF:18
LH:18
BRDA:11,0,0,1
BRDA:11,0,1,1
BRF:2
BRH:2
end_of_record
TN:
SF:C:\projectsportfolio\wayfarer\server\crud\db.js
FN:17,getUserEmail
FN:18,(anonymous_2)
FN:21,(anonymous_3)
FN:25,(anonymous_4)
FN:28,(anonymous_5)
FN:31,(anonymous_6)
FN:37,insertUsers
FN:38,(anonymous_8)
FN:41,(anonymous_9)
FN:45,(anonymous_10)
FN:48,(anonymous_11)
FN:51,(anonymous_12)
FN:56,clearTable
FN:56,(anonymous_14)
FN:59,(anonymous_15)
FN:62,(anonymous_16)
FN:66,(anonymous_17)
FN:67,(anonymous_18)
FNF:18
FNH:12
FNDA:10,getUserEmail
FNDA:10,(anonymous_2)
FNDA:10,(anonymous_3)
FNDA:10,(anonymous_4)
FNDA:0,(anonymous_5)
FNDA:0,(anonymous_6)
FNDA:3,insertUsers
FNDA:3,(anonymous_8)
FNDA:3,(anonymous_9)
FNDA:3,(anonymous_10)
FNDA:0,(anonymous_11)
FNDA:0,(anonymous_12)
FNDA:1,clearTable
FNDA:1,(anonymous_14)
FNDA:1,(anonymous_15)
FNDA:1,(anonymous_16)
FNDA:0,(anonymous_17)
FNDA:0,(anonymous_18)
DA:1,1
DA:2,1
DA:4,1
DA:6,1
DA:7,1
DA:8,1
DA:9,0
DA:12,1
DA:17,1
DA:18,10
DA:19,10
DA:20,10
DA:22,10
DA:23,10
DA:24,10
DA:26,10
DA:27,10
DA:29,0
DA:32,0
DA:37,4
DA:39,3
DA:40,3
DA:42,3
DA:43,3
DA:44,3
DA:46,3
DA:47,3
DA:49,0
DA:52,0
DA:56,2
DA:57,1
DA:58,1
DA:60,1
DA:61,1
DA:63,1
DA:64,1
DA:66,0
DA:67,0
LF:38
LH:31
BRDA:8,0,0,0
BRDA:8,0,1,1
BRF:2
BRH:1
end_of_record
TN:
SF:C:\projectsportfolio\wayfarer\server\helpers\response.js
FN:1,sendResponse
FNF:1
FNH:1
FNDA:10,sendResponse
DA:1,1
DA:2,10
LF:2
LH:2
BRDA:4,0,0,10
BRDA:4,0,1,10
BRDA:5,1,0,10
BRDA:5,1,1,0
BRF:4
BRH:3
end_of_record
TN:
SF:C:\projectsportfolio\wayfarer\server\helpers\validators.js
FN:11,isPositiveInteger
FN:13,filterInput
FN:19,atAdminMail
FN:27,trimAllSpace
FN:29,validateUserSignup
FN:61,(anonymous_6)
FN:65,(anonymous_7)
FN:66,(anonymous_8)
FN:69,(anonymous_9)
FN:71,(anonymous_10)
FN:76,(anonymous_11)
FN:79,(anonymous_12)
FN:84,(anonymous_13)
FN:86,(anonymous_14)
FN:91,(anonymous_15)
FN:94,(anonymous_16)
FN:101,(anonymous_17)
FNF:17
FNH:12
FNDA:4,isPositiveInteger
FNDA:32,filterInput
FNDA:3,atAdminMail
FNDA:40,trimAllSpace
FNDA:13,validateUserSignup
FNDA:4,(anonymous_6)
FNDA:3,(anonymous_7)
FNDA:3,(anonymous_8)
FNDA:1,(anonymous_9)
FNDA:1,(anonymous_10)
FNDA:0,(anonymous_11)
FNDA:0,(anonymous_12)
FNDA:2,(anonymous_13)
FNDA:2,(anonymous_14)
FNDA:0,(anonymous_15)
FNDA:0,(anonymous_16)
FNDA:0,(anonymous_17)
DA:1,1
DA:2,1
DA:3,1
DA:4,1
DA:5,1
DA:6,1
DA:9,1
DA:11,5
DA:13,1
DA:14,32
DA:15,32
DA:16,32
DA:19,1
DA:20,3
DA:21,3
DA:22,2
DA:24,1
DA:27,41
DA:29,13
DA:35,13
DA:36,13
DA:38,1
DA:40,12
DA:41,12
DA:42,12
DA:43,12
DA:45,4
DA:51,4
DA:52,4
DA:57,4
DA:58,4
DA:59,4
DA:60,4
DA:62,4
DA:63,1
DA:65,3
DA:66,3
DA:67,3
DA:68,1
DA:70,1
DA:72,1
DA:73,1
DA:74,1
DA:75,1
DA:77,0
DA:80,0
DA:83,2
DA:85,2
DA:87,2
DA:88,2
DA:89,2
DA:90,2
DA:92,0
DA:95,0
DA:102,0
DA:105,8
LF:56
LH:51
BRDA:21,0,0,2
BRDA:21,0,1,1
BRDA:36,1,0,1
BRDA:36,1,1,12
BRDA:36,2,0,13
BRDA:36,2,1,13
BRDA:36,2,2,13
BRDA:36,2,3,13
BRDA:43,3,0,4
BRDA:43,3,1,8
BRDA:43,4,0,12
BRDA:43,4,1,12
BRDA:43,4,2,11
BRDA:43,4,3,9
BRDA:43,4,4,8
BRDA:43,4,5,7
BRDA:43,4,6,6
BRDA:62,5,0,1
BRDA:62,5,1,3
BRDA:67,6,0,1
BRDA:67,6,1,2
BRF:21
BRH:21
end_of_record
TN:
SF:C:\projectsportfolio\wayfarer\server\routes\auth.js
FN:6,(anonymous_1)
FNF:1
FNH:1
FNDA:3,(anonymous_1)
DA:1,1
DA:2,1
DA:4,1
DA:6,1
DA:7,3
DA:8,3
LF:6
LH:6
BRF:0
BRH:0
end_of_record
